Сборка начата 30.12.2022 9:51:09.
Уровень детализации журнала: Normal.     1>Проект "C:\Users\User\Desktop\АиСД\laba9\laba9\laba9.vcxproj" в узле 2 (целевые объекты Build).
     1>InitializeBuildStatus:
         Создание "Debug\laba9.tlog\unsuccessfulbuild", так как было задано "AlwaysCreate".
       ClCompile:
         C:\Program Files\Microsoft Visual Studio\2022\Community\VC\Tools\MSVC\14.30.30705\bin\HostX86\x86\CL.exe /c /ZI /JMC /nologo /W3 /WX- /diagnostics:column /sdl /Od /Oy- /D WIN32 /D _DEBUG /D _CONSOLE /D _UNICODE /D UNICODE /Gm- /EHsc /RTC1 /MDd /GS /fp:precise /Zc:wchar_t /Zc:forScope /Zc:inline /permissive- /Fo"Debug\\" /Fd"Debug\vc143.pdb" /external:W3 /Gd /TP /analyze- /FC /errorReport:prompt laba9.cpp
         laba9.cpp
     1>C:\Users\User\Desktop\АиСД\laba9\laba9\laba9.cpp(42,23): warning C4018: <: несоответствие типов со знаком и без знака
     1>C:\Users\User\Desktop\АиСД\laba9\laba9\laba9.cpp(97,27): warning C4018: <: несоответствие типов со знаком и без знака
     1>C:\Users\User\Desktop\АиСД\laba9\laba9\laba9.cpp(163,32): warning C4244: инициализация: преобразование "double" в "float", возможна потеря данных
       Link:
         C:\Program Files\Microsoft Visual Studio\2022\Community\VC\Tools\MSVC\14.30.30705\bin\HostX86\x86\link.exe /ERRORREPORT:PROMPT /OUT:"C:\Users\User\Desktop\АиСД\laba9\Debug\laba9.exe" /INCREMENTAL /ILK:"Debug\laba9.ilk" /NOLOGO kernel32.lib user32.lib gdi32.lib winspool.lib comdlg32.lib advapi32.lib shell32.lib ole32.lib oleaut32.lib uuid.lib odbc32.lib odbccp32.lib /MANIFEST /MANIFESTUAC:"level='asInvoker' uiAccess='false'" /manifest:embed /DEBUG /PDB:"C:\Users\User\Desktop\АиСД\laba9\Debug\laba9.pdb" /SUBSYSTEM:CONSOLE /TLBID:1 /DYNAMICBASE /NXCOMPAT /IMPLIB:"C:\Users\User\Desktop\АиСД\laba9\Debug\laba9.lib" /MACHINE:X86 Debug\laba9.obj
         laba9.vcxproj -> C:\Users\User\Desktop\АиСД\laba9\Debug\laba9.exe
       FinalizeBuildStatus:
         Файл "Debug\laba9.tlog\unsuccessfulbuild" удаляется.
         Обращение к "Debug\laba9.tlog\laba9.lastbuildstate".
     1>Сборка проекта "C:\Users\User\Desktop\АиСД\laba9\laba9\laba9.vcxproj" завершена (целевые объекты Build).

Сборка успешно завершена.

       "C:\Users\User\Desktop\АиСД\laba9\laba9\laba9.vcxproj" (целевой объект Build ) (1) ->
       (Целевой объект ClCompile) -> 
         C:\Users\User\Desktop\АиСД\laba9\laba9\laba9.cpp(42,23): warning C4018: <: несоответствие типов со знаком и без знака
         C:\Users\User\Desktop\АиСД\laba9\laba9\laba9.cpp(97,27): warning C4018: <: несоответствие типов со знаком и без знака
         C:\Users\User\Desktop\АиСД\laba9\laba9\laba9.cpp(163,32): warning C4244: инициализация: преобразование "double" в "float", возможна потеря данных

    Предупреждений: 3
    Ошибок: 0

Прошло времени 00:00:01.45
