Сборка начата 26.12.2022 17:20:59.
Уровень детализации журнала: Normal.     1>Проект "C:\Users\User\Desktop\АиСД\laba3\laba3\laba3.vcxproj" в узле 2 (целевые объекты Build).
     1>InitializeBuildStatus:
         Создание "Debug\laba3.tlog\unsuccessfulbuild", так как было задано "AlwaysCreate".
       ClCompile:
         C:\Program Files\Microsoft Visual Studio\2022\Community\VC\Tools\MSVC\14.30.30705\bin\HostX86\x86\CL.exe /c /ZI /JMC /nologo /W3 /WX- /diagnostics:column /sdl /Od /Oy- /D WIN32 /D _DEBUG /D _CONSOLE /D _UNICODE /D UNICODE /Gm- /EHsc /RTC1 /MDd /GS /fp:precise /Zc:wchar_t /Zc:forScope /Zc:inline /permissive- /Fo"Debug\\" /Fd"Debug\vc143.pdb" /external:W3 /Gd /TP /analyze- /FC /errorReport:prompt laba3.cpp
         laba3.cpp
     1>C:\Users\User\Desktop\АиСД\laba3\laba3\laba3.cpp(61,27): warning C4018: <: несоответствие типов со знаком и без знака
       Link:
         C:\Program Files\Microsoft Visual Studio\2022\Community\VC\Tools\MSVC\14.30.30705\bin\HostX86\x86\link.exe /ERRORREPORT:PROMPT /OUT:"C:\Users\User\Desktop\АиСД\laba3\Debug\laba3.exe" /INCREMENTAL /ILK:"Debug\laba3.ilk" /NOLOGO kernel32.lib user32.lib gdi32.lib winspool.lib comdlg32.lib advapi32.lib shell32.lib ole32.lib oleaut32.lib uuid.lib odbc32.lib odbccp32.lib /MANIFEST /MANIFESTUAC:"level='asInvoker' uiAccess='false'" /manifest:embed /DEBUG /PDB:"C:\Users\User\Desktop\АиСД\laba3\Debug\laba3.pdb" /SUBSYSTEM:CONSOLE /TLBID:1 /DYNAMICBASE /NXCOMPAT /IMPLIB:"C:\Users\User\Desktop\АиСД\laba3\Debug\laba3.lib" /MACHINE:X86 Debug\laba3.obj
         laba3.vcxproj -> C:\Users\User\Desktop\АиСД\laba3\Debug\laba3.exe
       FinalizeBuildStatus:
         Файл "Debug\laba3.tlog\unsuccessfulbuild" удаляется.
         Обращение к "Debug\laba3.tlog\laba3.lastbuildstate".
     1>Сборка проекта "C:\Users\User\Desktop\АиСД\laba3\laba3\laba3.vcxproj" завершена (целевые объекты Build).

Сборка успешно завершена.

       "C:\Users\User\Desktop\АиСД\laba3\laba3\laba3.vcxproj" (целевой объект Build ) (1) ->
       (Целевой объект ClCompile) -> 
         C:\Users\User\Desktop\АиСД\laba3\laba3\laba3.cpp(61,27): warning C4018: <: несоответствие типов со знаком и без знака

    Предупреждений: 1
    Ошибок: 0

Прошло времени 00:00:01.29
