Сборка начата 09.12.2022 12:32:28.
Уровень детализации журнала: Normal.     1>Проект "C:\Users\User\Desktop\АиСД\laba6\laba6\laba6.vcxproj" в узле 2 (целевые объекты Build).
     1>InitializeBuildStatus:
         Создание "Debug\laba6.tlog\unsuccessfulbuild", так как было задано "AlwaysCreate".
       ClCompile:
         C:\Program Files\Microsoft Visual Studio\2022\Community\VC\Tools\MSVC\14.30.30705\bin\HostX86\x86\CL.exe /c /ZI /JMC /nologo /W3 /WX- /diagnostics:column /sdl /Od /Oy- /D WIN32 /D _DEBUG /D _CONSOLE /D _UNICODE /D UNICODE /Gm- /EHsc /RTC1 /MDd /GS /fp:precise /Zc:wchar_t /Zc:forScope /Zc:inline /permissive- /Fo"Debug\\" /Fd"Debug\vc143.pdb" /external:W3 /Gd /TP /analyze- /FC /errorReport:prompt laba6.cpp
         laba6.cpp
     1>C:\Users\User\Desktop\АиСД\laba6\laba6\laba6.cpp(138,1): warning C4326: возвращаемый тип "main" должен быть "int", а не "void"
       Link:
         C:\Program Files\Microsoft Visual Studio\2022\Community\VC\Tools\MSVC\14.30.30705\bin\HostX86\x86\link.exe /ERRORREPORT:PROMPT /OUT:"C:\Users\User\Desktop\АиСД\laba6\Debug\laba6.exe" /INCREMENTAL /ILK:"Debug\laba6.ilk" /NOLOGO kernel32.lib user32.lib gdi32.lib winspool.lib comdlg32.lib advapi32.lib shell32.lib ole32.lib oleaut32.lib uuid.lib odbc32.lib odbccp32.lib /MANIFEST /MANIFESTUAC:"level='asInvoker' uiAccess='false'" /manifest:embed /DEBUG /PDB:"C:\Users\User\Desktop\АиСД\laba6\Debug\laba6.pdb" /SUBSYSTEM:CONSOLE /TLBID:1 /DYNAMICBASE /NXCOMPAT /IMPLIB:"C:\Users\User\Desktop\АиСД\laba6\Debug\laba6.lib" /MACHINE:X86 Debug\laba6.obj
         laba6.vcxproj -> C:\Users\User\Desktop\АиСД\laba6\Debug\laba6.exe
       FinalizeBuildStatus:
         Файл "Debug\laba6.tlog\unsuccessfulbuild" удаляется.
         Обращение к "Debug\laba6.tlog\laba6.lastbuildstate".
     1>Сборка проекта "C:\Users\User\Desktop\АиСД\laba6\laba6\laba6.vcxproj" завершена (целевые объекты Build).

Сборка успешно завершена.

       "C:\Users\User\Desktop\АиСД\laba6\laba6\laba6.vcxproj" (целевой объект Build ) (1) ->
       (Целевой объект ClCompile) -> 
         C:\Users\User\Desktop\АиСД\laba6\laba6\laba6.cpp(138,1): warning C4326: возвращаемый тип "main" должен быть "int", а не "void"

    Предупреждений: 1
    Ошибок: 0

Прошло времени 00:00:00.85
